{"/home/fattahali37/Documents/Portfolio projects/Connectify2/backend/controllers/auth.js": {"path":"/home/fattahali37/Documents/Portfolio projects/Connectify2/backend/controllers/auth.js","statementMap":{"0":{"start":{"line":1,"column":13},"end":{"line":1,"column":38}},"1":{"start":{"line":2,"column":20},"end":{"line":2,"column":52}},"2":{"start":{"line":3,"column":15},"end":{"line":3,"column":32}},"3":{"start":{"line":4,"column":12},"end":{"line":4,"column":35}},"4":{"start":{"line":5,"column":14},"end":{"line":5,"column":45}},"5":{"start":{"line":6,"column":14},"end":{"line":6,"column":30}},"6":{"start":{"line":7,"column":11},"end":{"line":7,"column":24}},"7":{"start":{"line":8,"column":11},"end":{"line":8,"column":24}},"8":{"start":{"line":10,"column":0},"end":{"line":61,"column":2}},"9":{"start":{"line":11,"column":2},"end":{"line":60,"column":3}},"10":{"start":{"line":13,"column":19},"end":{"line":15,"column":6}},"11":{"start":{"line":16,"column":4},"end":{"line":20,"column":9}},"12":{"start":{"line":17,"column":6},"end":{"line":20,"column":9}},"13":{"start":{"line":23,"column":26},"end":{"line":25,"column":6}},"14":{"start":{"line":26,"column":4},"end":{"line":30,"column":9}},"15":{"start":{"line":27,"column":6},"end":{"line":30,"column":9}},"16":{"start":{"line":32,"column":17},"end":{"line":35,"column":5}},"17":{"start":{"line":36,"column":20},"end":{"line":36,"column":34}},"18":{"start":{"line":37,"column":17},"end":{"line":37,"column":37}},"19":{"start":{"line":38,"column":25},"end":{"line":40,"column":6}},"20":{"start":{"line":41,"column":26},"end":{"line":44,"column":5}},"21":{"start":{"line":45,"column":21},"end":{"line":47,"column":6}},"22":{"start":{"line":48,"column":4},"end":{"line":48,"column":26}},"23":{"start":{"line":49,"column":4},"end":{"line":54,"column":7}},"24":{"start":{"line":56,"column":4},"end":{"line":59,"column":7}},"25":{"start":{"line":63,"column":0},"end":{"line":129,"column":2}},"26":{"start":{"line":64,"column":2},"end":{"line":128,"column":3}},"27":{"start":{"line":66,"column":4},"end":{"line":81,"column":5}},"28":{"start":{"line":69,"column":27},"end":{"line":73,"column":7}},"29":{"start":{"line":75,"column":6},"end":{"line":80,"column":9}},"30":{"start":{"line":83,"column":17},"end":{"line":85,"column":6}},"31":{"start":{"line":86,"column":4},"end":{"line":90,"column":9}},"32":{"start":{"line":87,"column":6},"end":{"line":90,"column":9}},"33":{"start":{"line":91,"column":20},"end":{"line":91,"column":74}},"34":{"start":{"line":92,"column":4},"end":{"line":96,"column":9}},"35":{"start":{"line":93,"column":6},"end":{"line":96,"column":9}},"36":{"start":{"line":98,"column":4},"end":{"line":104,"column":5}},"37":{"start":{"line":99,"column":6},"end":{"line":103,"column":9}},"38":{"start":{"line":105,"column":25},"end":{"line":107,"column":6}},"39":{"start":{"line":108,"column":26},"end":{"line":111,"column":5}},"40":{"start":{"line":112,"column":21},"end":{"line":114,"column":6}},"41":{"start":{"line":115,"column":4},"end":{"line":115,"column":26}},"42":{"start":{"line":116,"column":4},"end":{"line":116,"column":30}},"43":{"start":{"line":117,"column":4},"end":{"line":122,"column":7}},"44":{"start":{"line":124,"column":4},"end":{"line":127,"column":7}},"45":{"start":{"line":131,"column":0},"end":{"line":158,"column":2}},"46":{"start":{"line":132,"column":2},"end":{"line":157,"column":3}},"47":{"start":{"line":133,"column":22},"end":{"line":133,"column":30}},"48":{"start":{"line":134,"column":4},"end":{"line":138,"column":9}},"49":{"start":{"line":135,"column":6},"end":{"line":138,"column":9}},"50":{"start":{"line":139,"column":20},"end":{"line":139,"column":50}},"51":{"start":{"line":140,"column":4},"end":{"line":144,"column":9}},"52":{"start":{"line":141,"column":6},"end":{"line":144,"column":9}},"53":{"start":{"line":145,"column":19},"end":{"line":145,"column":68}},"54":{"start":{"line":146,"column":24},"end":{"line":148,"column":6}},"55":{"start":{"line":149,"column":4},"end":{"line":151,"column":7}},"56":{"start":{"line":153,"column":4},"end":{"line":156,"column":7}},"57":{"start":{"line":160,"column":0},"end":{"line":170,"column":2}},"58":{"start":{"line":161,"column":2},"end":{"line":169,"column":3}},"59":{"start":{"line":162,"column":22},"end":{"line":162,"column":30}},"60":{"start":{"line":163,"column":4},"end":{"line":163,"column":47}},"61":{"start":{"line":165,"column":4},"end":{"line":168,"column":7}},"62":{"start":{"line":172,"column":0},"end":{"line":213,"column":2}},"63":{"start":{"line":173,"column":2},"end":{"line":212,"column":3}},"64":{"start":{"line":174,"column":39},"end":{"line":174,"column":76}},"65":{"start":{"line":175,"column":17},"end":{"line":175,"column":58}},"66":{"start":{"line":176,"column":17},"end":{"line":176,"column":58}},"67":{"start":{"line":177,"column":4},"end":{"line":185,"column":5}},"68":{"start":{"line":178,"column":19},"end":{"line":183,"column":8}},"69":{"start":{"line":184,"column":6},"end":{"line":184,"column":27}},"70":{"start":{"line":186,"column":32},"end":{"line":192,"column":5}},"71":{"start":{"line":193,"column":33},"end":{"line":196,"column":5}},"72":{"start":{"line":197,"column":21},"end":{"line":199,"column":6}},"73":{"start":{"line":200,"column":4},"end":{"line":200,"column":26}},"74":{"start":{"line":201,"column":20},"end":{"line":205,"column":5}},"75":{"start":{"line":206,"column":4},"end":{"line":208,"column":6}},"76":{"start":{"line":210,"column":4},"end":{"line":210,"column":21}},"77":{"start":{"line":211,"column":4},"end":{"line":211,"column":47}},"78":{"start":{"line":216,"column":14},"end":{"line":216,"column":51}},"79":{"start":{"line":217,"column":17},"end":{"line":223,"column":3}},"80":{"start":{"line":225,"column":2},"end":{"line":235,"column":3}},"81":{"start":{"line":226,"column":16},"end":{"line":230,"column":6}},"82":{"start":{"line":231,"column":4},"end":{"line":231,"column":20}},"83":{"start":{"line":233,"column":4},"end":{"line":233,"column":25}},"84":{"start":{"line":239,"column":2},"end":{"line":252,"column":7}},"85":{"start":{"line":248,"column":19},"end":{"line":248,"column":27}},"86":{"start":{"line":250,"column":6},"end":{"line":250,"column":44}},"87":{"start":{"line":251,"column":6},"end":{"line":251,"column":37}}},"fnMap":{"0":{"name":"(anonymous_0)","decl":{"start":{"line":10,"column":23},"end":{"line":10,"column":24}},"loc":{"start":{"line":10,"column":43},"end":{"line":61,"column":1}},"line":10},"1":{"name":"(anonymous_1)","decl":{"start":{"line":63,"column":20},"end":{"line":63,"column":21}},"loc":{"start":{"line":63,"column":40},"end":{"line":129,"column":1}},"line":63},"2":{"name":"(anonymous_2)","decl":{"start":{"line":131,"column":22},"end":{"line":131,"column":23}},"loc":{"start":{"line":131,"column":42},"end":{"line":158,"column":1}},"line":131},"3":{"name":"(anonymous_3)","decl":{"start":{"line":160,"column":17},"end":{"line":160,"column":18}},"loc":{"start":{"line":160,"column":37},"end":{"line":170,"column":1}},"line":160},"4":{"name":"(anonymous_4)","decl":{"start":{"line":172,"column":22},"end":{"line":172,"column":23}},"loc":{"start":{"line":172,"column":42},"end":{"line":213,"column":1}},"line":172},"5":{"name":"getUserFromCode","decl":{"start":{"line":215,"column":15},"end":{"line":215,"column":30}},"loc":{"start":{"line":215,"column":37},"end":{"line":236,"column":1}},"line":215},"6":{"name":"userDetails","decl":{"start":{"line":238,"column":15},"end":{"line":238,"column":26}},"loc":{"start":{"line":238,"column":51},"end":{"line":253,"column":1}},"line":238},"7":{"name":"(anonymous_7)","decl":{"start":{"line":248,"column":10},"end":{"line":248,"column":11}},"loc":{"start":{"line":248,"column":19},"end":{"line":248,"column":27}},"line":248},"8":{"name":"(anonymous_8)","decl":{"start":{"line":249,"column":11},"end":{"line":249,"column":12}},"loc":{"start":{"line":249,"column":22},"end":{"line":252,"column":5}},"line":249}},"branchMap":{"0":{"loc":{"start":{"line":16,"column":4},"end":{"line":20,"column":9}},"type":"if","locations":[{"start":{"line":16,"column":4},"end":{"line":20,"column":9}},{"start":{},"end":{}}],"line":16},"1":{"loc":{"start":{"line":26,"column":4},"end":{"line":30,"column":9}},"type":"if","locations":[{"start":{"line":26,"column":4},"end":{"line":30,"column":9}},{"start":{},"end":{}}],"line":26},"2":{"loc":{"start":{"line":66,"column":4},"end":{"line":81,"column":5}},"type":"if","locations":[{"start":{"line":66,"column":4},"end":{"line":81,"column":5}},{"start":{},"end":{}}],"line":66},"3":{"loc":{"start":{"line":66,"column":8},"end":{"line":67,"column":56}},"type":"binary-expr","locations":[{"start":{"line":66,"column":8},"end":{"line":66,"column":52}},{"start":{"line":67,"column":8},"end":{"line":67,"column":56}}],"line":66},"4":{"loc":{"start":{"line":86,"column":4},"end":{"line":90,"column":9}},"type":"if","locations":[{"start":{"line":86,"column":4},"end":{"line":90,"column":9}},{"start":{},"end":{}}],"line":86},"5":{"loc":{"start":{"line":92,"column":4},"end":{"line":96,"column":9}},"type":"if","locations":[{"start":{"line":92,"column":4},"end":{"line":96,"column":9}},{"start":{},"end":{}}],"line":92},"6":{"loc":{"start":{"line":98,"column":4},"end":{"line":104,"column":5}},"type":"if","locations":[{"start":{"line":98,"column":4},"end":{"line":104,"column":5}},{"start":{},"end":{}}],"line":98},"7":{"loc":{"start":{"line":134,"column":4},"end":{"line":138,"column":9}},"type":"if","locations":[{"start":{"line":134,"column":4},"end":{"line":138,"column":9}},{"start":{},"end":{}}],"line":134},"8":{"loc":{"start":{"line":140,"column":4},"end":{"line":144,"column":9}},"type":"if","locations":[{"start":{"line":140,"column":4},"end":{"line":144,"column":9}},{"start":{},"end":{}}],"line":140},"9":{"loc":{"start":{"line":177,"column":4},"end":{"line":185,"column":5}},"type":"if","locations":[{"start":{"line":177,"column":4},"end":{"line":185,"column":5}},{"start":{},"end":{}}],"line":177}},"s":{"0":1,"1":1,"2":1,"3":1,"4":1,"5":1,"6":1,"7":1,"8":1,"9":2,"10":2,"11":2,"12":1,"13":1,"14":1,"15":0,"16":1,"17":1,"18":1,"19":1,"20":1,"21":1,"22":1,"23":1,"24":0,"25":1,"26":5,"27":5,"28":1,"29":1,"30":4,"31":4,"32":1,"33":3,"34":3,"35":1,"36":2,"37":1,"38":1,"39":1,"40":1,"41":1,"42":1,"43":1,"44":0,"45":1,"46":3,"47":3,"48":3,"49":1,"50":2,"51":2,"52":1,"53":1,"54":1,"55":1,"56":0,"57":1,"58":1,"59":1,"60":1,"61":0,"62":1,"63":0,"64":0,"65":0,"66":0,"67":0,"68":0,"69":0,"70":0,"71":0,"72":0,"73":0,"74":0,"75":0,"76":0,"77":0,"78":0,"79":0,"80":0,"81":0,"82":0,"83":0,"84":0,"85":0,"86":0,"87":0},"f":{"0":2,"1":5,"2":3,"3":1,"4":0,"5":0,"6":0,"7":0,"8":0},"b":{"0":[1,1],"1":[0,1],"2":[1,4],"3":[5,1],"4":[1,3],"5":[1,2],"6":[1,1],"7":[1,2],"8":[1,1],"9":[0,0]},"_coverageSchema":"1a1c01bbd47fc00a2c39e90264f33305004495a9","hash":"72c5892abce7e3f51310922d05b22aa5f3876b8c"}
,"/home/fattahali37/Documents/Portfolio projects/Connectify2/backend/controllers/story.js": {"path":"/home/fattahali37/Documents/Portfolio projects/Connectify2/backend/controllers/story.js","statementMap":{"0":{"start":{"line":1,"column":14},"end":{"line":1,"column":40}},"1":{"start":{"line":2,"column":19},"end":{"line":2,"column":34}},"2":{"start":{"line":3,"column":13},"end":{"line":3,"column":38}},"3":{"start":{"line":5,"column":0},"end":{"line":24,"column":2}},"4":{"start":{"line":6,"column":2},"end":{"line":23,"column":3}},"5":{"start":{"line":7,"column":4},"end":{"line":10,"column":5}},"6":{"start":{"line":8,"column":20},"end":{"line":8,"column":62}},"7":{"start":{"line":9,"column":6},"end":{"line":9,"column":29}},"8":{"start":{"line":11,"column":18},"end":{"line":16,"column":6}},"9":{"start":{"line":17,"column":4},"end":{"line":17,"column":20}},"10":{"start":{"line":19,"column":4},"end":{"line":22,"column":7}},"11":{"start":{"line":26,"column":0},"end":{"line":41,"column":2}},"12":{"start":{"line":27,"column":2},"end":{"line":40,"column":3}},"13":{"start":{"line":28,"column":20},"end":{"line":33,"column":6}},"14":{"start":{"line":34,"column":4},"end":{"line":34,"column":22}},"15":{"start":{"line":36,"column":4},"end":{"line":39,"column":7}},"16":{"start":{"line":43,"column":0},"end":{"line":59,"column":2}},"17":{"start":{"line":44,"column":2},"end":{"line":58,"column":3}},"18":{"start":{"line":45,"column":21},"end":{"line":50,"column":6}},"19":{"start":{"line":51,"column":18},"end":{"line":51,"column":39}},"20":{"start":{"line":52,"column":4},"end":{"line":52,"column":20}},"21":{"start":{"line":54,"column":4},"end":{"line":57,"column":7}},"22":{"start":{"line":61,"column":0},"end":{"line":83,"column":2}},"23":{"start":{"line":62,"column":2},"end":{"line":82,"column":3}},"24":{"start":{"line":63,"column":18},"end":{"line":63,"column":60}},"25":{"start":{"line":64,"column":4},"end":{"line":65,"column":66}},"26":{"start":{"line":65,"column":6},"end":{"line":65,"column":66}},"27":{"start":{"line":66,"column":4},"end":{"line":67,"column":66}},"28":{"start":{"line":67,"column":6},"end":{"line":67,"column":66}},"29":{"start":{"line":68,"column":4},"end":{"line":76,"column":7}},"30":{"start":{"line":72,"column":6},"end":{"line":75,"column":9}},"31":{"start":{"line":78,"column":4},"end":{"line":81,"column":7}},"32":{"start":{"line":85,"column":0},"end":{"line":126,"column":2}},"33":{"start":{"line":86,"column":2},"end":{"line":125,"column":3}},"34":{"start":{"line":88,"column":4},"end":{"line":93,"column":5}},"35":{"start":{"line":89,"column":6},"end":{"line":92,"column":9}},"36":{"start":{"line":95,"column":17},"end":{"line":95,"column":58}},"37":{"start":{"line":97,"column":4},"end":{"line":102,"column":5}},"38":{"start":{"line":98,"column":6},"end":{"line":101,"column":9}},"39":{"start":{"line":104,"column":23},"end":{"line":104,"column":25}},"40":{"start":{"line":106,"column":4},"end":{"line":116,"column":6}},"41":{"start":{"line":108,"column":18},"end":{"line":113,"column":10}},"42":{"start":{"line":114,"column":8},"end":{"line":114,"column":46}},"43":{"start":{"line":114,"column":27},"end":{"line":114,"column":46}},"44":{"start":{"line":118,"column":4},"end":{"line":118,"column":25}},"45":{"start":{"line":120,"column":4},"end":{"line":120,"column":46}},"46":{"start":{"line":121,"column":4},"end":{"line":124,"column":7}}},"fnMap":{"0":{"name":"(anonymous_0)","decl":{"start":{"line":5,"column":19},"end":{"line":5,"column":20}},"loc":{"start":{"line":5,"column":39},"end":{"line":24,"column":1}},"line":5},"1":{"name":"(anonymous_1)","decl":{"start":{"line":26,"column":20},"end":{"line":26,"column":21}},"loc":{"start":{"line":26,"column":40},"end":{"line":41,"column":1}},"line":26},"2":{"name":"(anonymous_2)","decl":{"start":{"line":43,"column":19},"end":{"line":43,"column":20}},"loc":{"start":{"line":43,"column":39},"end":{"line":59,"column":1}},"line":43},"3":{"name":"(anonymous_3)","decl":{"start":{"line":61,"column":18},"end":{"line":61,"column":19}},"loc":{"start":{"line":61,"column":38},"end":{"line":83,"column":1}},"line":61},"4":{"name":"(anonymous_4)","decl":{"start":{"line":71,"column":11},"end":{"line":71,"column":12}},"loc":{"start":{"line":71,"column":17},"end":{"line":76,"column":5}},"line":71},"5":{"name":"(anonymous_5)","decl":{"start":{"line":85,"column":20},"end":{"line":85,"column":21}},"loc":{"start":{"line":85,"column":40},"end":{"line":126,"column":1}},"line":85},"6":{"name":"(anonymous_6)","decl":{"start":{"line":107,"column":26},"end":{"line":107,"column":27}},"loc":{"start":{"line":107,"column":42},"end":{"line":115,"column":7}},"line":107}},"branchMap":{"0":{"loc":{"start":{"line":7,"column":4},"end":{"line":10,"column":5}},"type":"if","locations":[{"start":{"line":7,"column":4},"end":{"line":10,"column":5}},{"start":{},"end":{}}],"line":7},"1":{"loc":{"start":{"line":64,"column":4},"end":{"line":65,"column":66}},"type":"if","locations":[{"start":{"line":64,"column":4},"end":{"line":65,"column":66}},{"start":{},"end":{}}],"line":64},"2":{"loc":{"start":{"line":66,"column":4},"end":{"line":67,"column":66}},"type":"if","locations":[{"start":{"line":66,"column":4},"end":{"line":67,"column":66}},{"start":{},"end":{}}],"line":66},"3":{"loc":{"start":{"line":88,"column":4},"end":{"line":93,"column":5}},"type":"if","locations":[{"start":{"line":88,"column":4},"end":{"line":93,"column":5}},{"start":{},"end":{}}],"line":88},"4":{"loc":{"start":{"line":88,"column":8},"end":{"line":88,"column":34}},"type":"binary-expr","locations":[{"start":{"line":88,"column":8},"end":{"line":88,"column":17}},{"start":{"line":88,"column":21},"end":{"line":88,"column":34}}],"line":88},"5":{"loc":{"start":{"line":97,"column":4},"end":{"line":102,"column":5}},"type":"if","locations":[{"start":{"line":97,"column":4},"end":{"line":102,"column":5}},{"start":{},"end":{}}],"line":97},"6":{"loc":{"start":{"line":114,"column":8},"end":{"line":114,"column":46}},"type":"if","locations":[{"start":{"line":114,"column":8},"end":{"line":114,"column":46}},{"start":{},"end":{}}],"line":114}},"s":{"0":1,"1":1,"2":1,"3":1,"4":2,"5":2,"6":0,"7":0,"8":2,"9":2,"10":0,"11":1,"12":2,"13":2,"14":2,"15":0,"16":1,"17":1,"18":1,"19":1,"20":1,"21":0,"22":1,"23":1,"24":1,"25":1,"26":0,"27":1,"28":0,"29":1,"30":1,"31":0,"32":1,"33":4,"34":4,"35":1,"36":3,"37":3,"38":1,"39":2,"40":2,"41":2,"42":2,"43":2,"44":2,"45":0,"46":0},"f":{"0":2,"1":2,"2":1,"3":1,"4":1,"5":4,"6":2},"b":{"0":[0,2],"1":[0,1],"2":[0,1],"3":[1,3],"4":[4,3],"5":[1,2],"6":[2,0]},"_coverageSchema":"1a1c01bbd47fc00a2c39e90264f33305004495a9","hash":"be98c96a66f6c1e81749c6e0f5f9151800e34fbf"}
,"/home/fattahali37/Documents/Portfolio projects/Connectify2/backend/controllers/user.js": {"path":"/home/fattahali37/Documents/Portfolio projects/Connectify2/backend/controllers/user.js","statementMap":{"0":{"start":{"line":1,"column":13},"end":{"line":1,"column":38}},"1":{"start":{"line":2,"column":15},"end":{"line":2,"column":32}},"2":{"start":{"line":3,"column":21},"end":{"line":3,"column":45}},"3":{"start":{"line":4,"column":20},"end":{"line":4,"column":35}},"4":{"start":{"line":5,"column":20},"end":{"line":5,"column":52}},"5":{"start":{"line":8,"column":0},"end":{"line":25,"column":2}},"6":{"start":{"line":9,"column":2},"end":{"line":24,"column":3}},"7":{"start":{"line":10,"column":25},"end":{"line":10,"column":35}},"8":{"start":{"line":11,"column":17},"end":{"line":11,"column":49}},"9":{"start":{"line":12,"column":4},"end":{"line":17,"column":5}},"10":{"start":{"line":13,"column":6},"end":{"line":16,"column":9}},"11":{"start":{"line":18,"column":4},"end":{"line":18,"column":19}},"12":{"start":{"line":20,"column":4},"end":{"line":23,"column":7}},"13":{"start":{"line":27,"column":0},"end":{"line":44,"column":2}},"14":{"start":{"line":28,"column":2},"end":{"line":43,"column":3}},"15":{"start":{"line":29,"column":19},"end":{"line":29,"column":29}},"16":{"start":{"line":30,"column":17},"end":{"line":30,"column":48}},"17":{"start":{"line":31,"column":4},"end":{"line":36,"column":5}},"18":{"start":{"line":32,"column":6},"end":{"line":35,"column":9}},"19":{"start":{"line":37,"column":4},"end":{"line":37,"column":19}},"20":{"start":{"line":39,"column":4},"end":{"line":42,"column":7}},"21":{"start":{"line":47,"column":0},"end":{"line":81,"column":2}},"22":{"start":{"line":48,"column":2},"end":{"line":80,"column":3}},"23":{"start":{"line":49,"column":23},"end":{"line":49,"column":33}},"24":{"start":{"line":50,"column":17},"end":{"line":50,"column":29}},"25":{"start":{"line":51,"column":19},"end":{"line":51,"column":52}},"26":{"start":{"line":52,"column":4},"end":{"line":70,"column":5}},"27":{"start":{"line":53,"column":6},"end":{"line":53,"column":77}},"28":{"start":{"line":54,"column":6},"end":{"line":54,"column":76}},"29":{"start":{"line":56,"column":6},"end":{"line":56,"column":77}},"30":{"start":{"line":57,"column":6},"end":{"line":57,"column":76}},"31":{"start":{"line":58,"column":6},"end":{"line":69,"column":8}},"32":{"start":{"line":71,"column":4},"end":{"line":74,"column":7}},"33":{"start":{"line":76,"column":4},"end":{"line":79,"column":7}},"34":{"start":{"line":84,"column":0},"end":{"line":102,"column":2}},"35":{"start":{"line":85,"column":2},"end":{"line":101,"column":3}},"36":{"start":{"line":86,"column":23},"end":{"line":86,"column":33}},"37":{"start":{"line":87,"column":17},"end":{"line":87,"column":52}},"38":{"start":{"line":88,"column":21},"end":{"line":88,"column":23}},"39":{"start":{"line":89,"column":4},"end":{"line":95,"column":7}},"40":{"start":{"line":91,"column":8},"end":{"line":91,"column":70}},"41":{"start":{"line":94,"column":6},"end":{"line":94,"column":27}},"42":{"start":{"line":97,"column":4},"end":{"line":100,"column":7}},"43":{"start":{"line":105,"column":0},"end":{"line":123,"column":2}},"44":{"start":{"line":106,"column":2},"end":{"line":122,"column":3}},"45":{"start":{"line":107,"column":23},"end":{"line":107,"column":33}},"46":{"start":{"line":108,"column":17},"end":{"line":108,"column":52}},"47":{"start":{"line":109,"column":20},"end":{"line":109,"column":22}},"48":{"start":{"line":110,"column":4},"end":{"line":116,"column":7}},"49":{"start":{"line":112,"column":8},"end":{"line":112,"column":69}},"50":{"start":{"line":115,"column":6},"end":{"line":115,"column":26}},"51":{"start":{"line":118,"column":4},"end":{"line":121,"column":7}},"52":{"start":{"line":126,"column":0},"end":{"line":140,"column":2}},"53":{"start":{"line":127,"column":2},"end":{"line":139,"column":3}},"54":{"start":{"line":128,"column":17},"end":{"line":128,"column":29}},"55":{"start":{"line":129,"column":30},"end":{"line":132,"column":5}},"56":{"start":{"line":133,"column":4},"end":{"line":133,"column":79}},"57":{"start":{"line":135,"column":4},"end":{"line":138,"column":7}},"58":{"start":{"line":143,"column":0},"end":{"line":156,"column":2}},"59":{"start":{"line":144,"column":2},"end":{"line":155,"column":3}},"60":{"start":{"line":145,"column":17},"end":{"line":145,"column":29}},"61":{"start":{"line":146,"column":26},"end":{"line":146,"column":59}},"62":{"start":{"line":147,"column":21},"end":{"line":147,"column":48}},"63":{"start":{"line":148,"column":4},"end":{"line":148,"column":33}},"64":{"start":{"line":150,"column":4},"end":{"line":150,"column":21}},"65":{"start":{"line":151,"column":4},"end":{"line":154,"column":7}},"66":{"start":{"line":159,"column":0},"end":{"line":175,"column":2}},"67":{"start":{"line":160,"column":2},"end":{"line":174,"column":3}},"68":{"start":{"line":161,"column":17},"end":{"line":161,"column":29}},"69":{"start":{"line":162,"column":21},"end":{"line":162,"column":54}},"70":{"start":{"line":163,"column":4},"end":{"line":168,"column":6}},"71":{"start":{"line":170,"column":4},"end":{"line":173,"column":7}},"72":{"start":{"line":178,"column":0},"end":{"line":192,"column":2}},"73":{"start":{"line":179,"column":2},"end":{"line":191,"column":3}},"74":{"start":{"line":180,"column":17},"end":{"line":180,"column":29}},"75":{"start":{"line":181,"column":21},"end":{"line":181,"column":31}},"76":{"start":{"line":182,"column":19},"end":{"line":184,"column":6}},"77":{"start":{"line":185,"column":4},"end":{"line":185,"column":65}},"78":{"start":{"line":185,"column":35},"end":{"line":185,"column":63}},"79":{"start":{"line":187,"column":4},"end":{"line":190,"column":7}},"80":{"start":{"line":196,"column":0},"end":{"line":212,"column":1}},"81":{"start":{"line":197,"column":2},"end":{"line":211,"column":3}},"82":{"start":{"line":198,"column":24},"end":{"line":204,"column":44}},"83":{"start":{"line":205,"column":4},"end":{"line":205,"column":25}},"84":{"start":{"line":207,"column":4},"end":{"line":210,"column":7}},"85":{"start":{"line":215,"column":0},"end":{"line":236,"column":1}},"86":{"start":{"line":216,"column":2},"end":{"line":235,"column":3}},"87":{"start":{"line":217,"column":17},"end":{"line":217,"column":78}},"88":{"start":{"line":218,"column":22},"end":{"line":218,"column":76}},"89":{"start":{"line":219,"column":4},"end":{"line":221,"column":6}},"90":{"start":{"line":219,"column":20},"end":{"line":221,"column":6}},"91":{"start":{"line":222,"column":4},"end":{"line":224,"column":6}},"92":{"start":{"line":222,"column":59},"end":{"line":224,"column":6}},"93":{"start":{"line":225,"column":20},"end":{"line":225,"column":130}},"94":{"start":{"line":226,"column":4},"end":{"line":229,"column":6}},"95":{"start":{"line":231,"column":4},"end":{"line":234,"column":7}},"96":{"start":{"line":239,"column":0},"end":{"line":249,"column":1}},"97":{"start":{"line":240,"column":2},"end":{"line":248,"column":3}},"98":{"start":{"line":241,"column":18},"end":{"line":241,"column":70}},"99":{"start":{"line":242,"column":4},"end":{"line":242,"column":19}},"100":{"start":{"line":244,"column":4},"end":{"line":247,"column":7}},"101":{"start":{"line":253,"column":0},"end":{"line":277,"column":1}},"102":{"start":{"line":254,"column":2},"end":{"line":276,"column":3}},"103":{"start":{"line":255,"column":17},"end":{"line":257,"column":6}},"104":{"start":{"line":258,"column":4},"end":{"line":258,"column":88}},"105":{"start":{"line":258,"column":15},"end":{"line":258,"column":88}},"106":{"start":{"line":259,"column":18},"end":{"line":259,"column":23}},"107":{"start":{"line":260,"column":22},"end":{"line":260,"column":70}},"108":{"start":{"line":261,"column":4},"end":{"line":268,"column":5}},"109":{"start":{"line":262,"column":6},"end":{"line":262,"column":84}},"110":{"start":{"line":264,"column":27},"end":{"line":266,"column":8}},"111":{"start":{"line":267,"column":6},"end":{"line":267,"column":31}},"112":{"start":{"line":269,"column":4},"end":{"line":269,"column":74}},"113":{"start":{"line":270,"column":4},"end":{"line":270,"column":68}},"114":{"start":{"line":272,"column":4},"end":{"line":275,"column":7}},"115":{"start":{"line":280,"column":0},"end":{"line":296,"column":1}},"116":{"start":{"line":281,"column":2},"end":{"line":295,"column":3}},"117":{"start":{"line":282,"column":21},"end":{"line":282,"column":75}},"118":{"start":{"line":283,"column":4},"end":{"line":283,"column":91}},"119":{"start":{"line":283,"column":19},"end":{"line":283,"column":91}},"120":{"start":{"line":284,"column":16},"end":{"line":284,"column":26}},"121":{"start":{"line":285,"column":22},"end":{"line":285,"column":52}},"122":{"start":{"line":286,"column":19},"end":{"line":286,"column":38}},"123":{"start":{"line":287,"column":27},"end":{"line":287,"column":53}},"124":{"start":{"line":288,"column":4},"end":{"line":288,"column":96}},"125":{"start":{"line":288,"column":24},"end":{"line":288,"column":96}},"126":{"start":{"line":289,"column":4},"end":{"line":289,"column":31}},"127":{"start":{"line":291,"column":4},"end":{"line":294,"column":7}},"128":{"start":{"line":299,"column":0},"end":{"line":315,"column":1}},"129":{"start":{"line":300,"column":2},"end":{"line":314,"column":3}},"130":{"start":{"line":301,"column":32},"end":{"line":301,"column":40}},"131":{"start":{"line":302,"column":21},"end":{"line":302,"column":57}},"132":{"start":{"line":303,"column":4},"end":{"line":303,"column":99}},"133":{"start":{"line":303,"column":19},"end":{"line":303,"column":99}},"134":{"start":{"line":304,"column":4},"end":{"line":308,"column":6}},"135":{"start":{"line":305,"column":6},"end":{"line":305,"column":45}},"136":{"start":{"line":307,"column":6},"end":{"line":307,"column":33}},"137":{"start":{"line":310,"column":4},"end":{"line":313,"column":7}}},"fnMap":{"0":{"name":"(anonymous_0)","decl":{"start":{"line":8,"column":18},"end":{"line":8,"column":19}},"loc":{"start":{"line":8,"column":38},"end":{"line":25,"column":1}},"line":8},"1":{"name":"(anonymous_1)","decl":{"start":{"line":27,"column":22},"end":{"line":27,"column":23}},"loc":{"start":{"line":27,"column":42},"end":{"line":44,"column":1}},"line":27},"2":{"name":"(anonymous_2)","decl":{"start":{"line":47,"column":23},"end":{"line":47,"column":24}},"loc":{"start":{"line":47,"column":43},"end":{"line":81,"column":1}},"line":47},"3":{"name":"(anonymous_3)","decl":{"start":{"line":84,"column":24},"end":{"line":84,"column":25}},"loc":{"start":{"line":84,"column":44},"end":{"line":102,"column":1}},"line":84},"4":{"name":"(anonymous_4)","decl":{"start":{"line":90,"column":26},"end":{"line":90,"column":27}},"loc":{"start":{"line":90,"column":42},"end":{"line":92,"column":7}},"line":90},"5":{"name":"(anonymous_5)","decl":{"start":{"line":93,"column":11},"end":{"line":93,"column":12}},"loc":{"start":{"line":93,"column":17},"end":{"line":95,"column":5}},"line":93},"6":{"name":"(anonymous_6)","decl":{"start":{"line":105,"column":23},"end":{"line":105,"column":24}},"loc":{"start":{"line":105,"column":43},"end":{"line":123,"column":1}},"line":105},"7":{"name":"(anonymous_7)","decl":{"start":{"line":111,"column":25},"end":{"line":111,"column":26}},"loc":{"start":{"line":111,"column":41},"end":{"line":113,"column":7}},"line":111},"8":{"name":"(anonymous_8)","decl":{"start":{"line":114,"column":11},"end":{"line":114,"column":12}},"loc":{"start":{"line":114,"column":17},"end":{"line":116,"column":5}},"line":114},"9":{"name":"(anonymous_9)","decl":{"start":{"line":126,"column":25},"end":{"line":126,"column":26}},"loc":{"start":{"line":126,"column":45},"end":{"line":140,"column":1}},"line":126},"10":{"name":"(anonymous_10)","decl":{"start":{"line":143,"column":22},"end":{"line":143,"column":23}},"loc":{"start":{"line":143,"column":42},"end":{"line":156,"column":1}},"line":143},"11":{"name":"(anonymous_11)","decl":{"start":{"line":159,"column":21},"end":{"line":159,"column":22}},"loc":{"start":{"line":159,"column":41},"end":{"line":175,"column":1}},"line":159},"12":{"name":"(anonymous_12)","decl":{"start":{"line":178,"column":17},"end":{"line":178,"column":18}},"loc":{"start":{"line":178,"column":37},"end":{"line":192,"column":1}},"line":178},"13":{"name":"(anonymous_13)","decl":{"start":{"line":185,"column":27},"end":{"line":185,"column":28}},"loc":{"start":{"line":185,"column":35},"end":{"line":185,"column":63}},"line":185},"14":{"name":"(anonymous_14)","decl":{"start":{"line":196,"column":22},"end":{"line":196,"column":23}},"loc":{"start":{"line":196,"column":42},"end":{"line":212,"column":1}},"line":196},"15":{"name":"(anonymous_15)","decl":{"start":{"line":215,"column":25},"end":{"line":215,"column":26}},"loc":{"start":{"line":215,"column":45},"end":{"line":236,"column":1}},"line":215},"16":{"name":"(anonymous_16)","decl":{"start":{"line":239,"column":22},"end":{"line":239,"column":23}},"loc":{"start":{"line":239,"column":42},"end":{"line":249,"column":1}},"line":239},"17":{"name":"(anonymous_17)","decl":{"start":{"line":253,"column":24},"end":{"line":253,"column":25}},"loc":{"start":{"line":253,"column":44},"end":{"line":277,"column":1}},"line":253},"18":{"name":"(anonymous_18)","decl":{"start":{"line":280,"column":26},"end":{"line":280,"column":27}},"loc":{"start":{"line":280,"column":46},"end":{"line":296,"column":1}},"line":280},"19":{"name":"(anonymous_19)","decl":{"start":{"line":299,"column":28},"end":{"line":299,"column":29}},"loc":{"start":{"line":299,"column":48},"end":{"line":315,"column":1}},"line":299},"20":{"name":"(anonymous_20)","decl":{"start":{"line":304,"column":106},"end":{"line":304,"column":107}},"loc":{"start":{"line":304,"column":112},"end":{"line":306,"column":5}},"line":304},"21":{"name":"(anonymous_21)","decl":{"start":{"line":306,"column":12},"end":{"line":306,"column":13}},"loc":{"start":{"line":306,"column":18},"end":{"line":308,"column":5}},"line":306}},"branchMap":{"0":{"loc":{"start":{"line":12,"column":4},"end":{"line":17,"column":5}},"type":"if","locations":[{"start":{"line":12,"column":4},"end":{"line":17,"column":5}},{"start":{},"end":{}}],"line":12},"1":{"loc":{"start":{"line":31,"column":4},"end":{"line":36,"column":5}},"type":"if","locations":[{"start":{"line":31,"column":4},"end":{"line":36,"column":5}},{"start":{},"end":{}}],"line":31},"2":{"loc":{"start":{"line":52,"column":4},"end":{"line":70,"column":5}},"type":"if","locations":[{"start":{"line":52,"column":4},"end":{"line":70,"column":5}},{"start":{"line":55,"column":11},"end":{"line":70,"column":5}}],"line":52},"3":{"loc":{"start":{"line":204,"column":22},"end":{"line":204,"column":42}},"type":"binary-expr","locations":[{"start":{"line":204,"column":22},"end":{"line":204,"column":37}},{"start":{"line":204,"column":41},"end":{"line":204,"column":42}}],"line":204},"4":{"loc":{"start":{"line":219,"column":4},"end":{"line":221,"column":6}},"type":"if","locations":[{"start":{"line":219,"column":4},"end":{"line":221,"column":6}},{"start":{},"end":{}}],"line":219},"5":{"loc":{"start":{"line":222,"column":4},"end":{"line":224,"column":6}},"type":"if","locations":[{"start":{"line":222,"column":4},"end":{"line":224,"column":6}},{"start":{},"end":{}}],"line":222},"6":{"loc":{"start":{"line":258,"column":4},"end":{"line":258,"column":88}},"type":"if","locations":[{"start":{"line":258,"column":4},"end":{"line":258,"column":88}},{"start":{},"end":{}}],"line":258},"7":{"loc":{"start":{"line":261,"column":4},"end":{"line":268,"column":5}},"type":"if","locations":[{"start":{"line":261,"column":4},"end":{"line":268,"column":5}},{"start":{"line":263,"column":11},"end":{"line":268,"column":5}}],"line":261},"8":{"loc":{"start":{"line":283,"column":4},"end":{"line":283,"column":91}},"type":"if","locations":[{"start":{"line":283,"column":4},"end":{"line":283,"column":91}},{"start":{},"end":{}}],"line":283},"9":{"loc":{"start":{"line":288,"column":4},"end":{"line":288,"column":96}},"type":"if","locations":[{"start":{"line":288,"column":4},"end":{"line":288,"column":96}},{"start":{},"end":{}}],"line":288},"10":{"loc":{"start":{"line":303,"column":4},"end":{"line":303,"column":99}},"type":"if","locations":[{"start":{"line":303,"column":4},"end":{"line":303,"column":99}},{"start":{},"end":{}}],"line":303}},"s":{"0":1,"1":1,"2":1,"3":1,"4":1,"5":1,"6":2,"7":2,"8":2,"9":2,"10":1,"11":1,"12":0,"13":1,"14":1,"15":1,"16":1,"17":1,"18":0,"19":1,"20":0,"21":1,"22":2,"23":2,"24":2,"25":2,"26":2,"27":1,"28":1,"29":1,"30":1,"31":1,"32":2,"33":0,"34":1,"35":1,"36":1,"37":1,"38":1,"39":1,"40":2,"41":1,"42":0,"43":1,"44":1,"45":1,"46":1,"47":1,"48":1,"49":2,"50":1,"51":0,"52":1,"53":0,"54":0,"55":0,"56":0,"57":0,"58":1,"59":1,"60":1,"61":1,"62":1,"63":1,"64":0,"65":0,"66":1,"67":0,"68":0,"69":0,"70":0,"71":0,"72":1,"73":2,"74":2,"75":2,"76":2,"77":2,"78":4,"79":0,"80":1,"81":2,"82":2,"83":2,"84":0,"85":1,"86":0,"87":0,"88":0,"89":0,"90":0,"91":0,"92":0,"93":0,"94":0,"95":0,"96":1,"97":1,"98":1,"99":1,"100":0,"101":1,"102":0,"103":0,"104":0,"105":0,"106":0,"107":0,"108":0,"109":0,"110":0,"111":0,"112":0,"113":0,"114":0,"115":1,"116":0,"117":0,"118":0,"119":0,"120":0,"121":0,"122":0,"123":0,"124":0,"125":0,"126":0,"127":0,"128":1,"129":0,"130":0,"131":0,"132":0,"133":0,"134":0,"135":0,"136":0,"137":0},"f":{"0":2,"1":1,"2":2,"3":1,"4":2,"5":1,"6":1,"7":2,"8":1,"9":0,"10":1,"11":0,"12":2,"13":4,"14":2,"15":0,"16":1,"17":0,"18":0,"19":0,"20":0,"21":0},"b":{"0":[1,1],"1":[0,1],"2":[1,1],"3":[2,1],"4":[0,0],"5":[0,0],"6":[0,0],"7":[0,0],"8":[0,0],"9":[0,0],"10":[0,0]},"_coverageSchema":"1a1c01bbd47fc00a2c39e90264f33305004495a9","hash":"4ff0e76dfb099551d2c2b44083680ec10ade35f3"}
,"/home/fattahali37/Documents/Portfolio projects/Connectify2/backend/middlewares/auth.js": {"path":"/home/fattahali37/Documents/Portfolio projects/Connectify2/backend/middlewares/auth.js","statementMap":{"0":{"start":{"line":1,"column":12},"end":{"line":1,"column":35}},"1":{"start":{"line":2,"column":13},"end":{"line":2,"column":38}},"2":{"start":{"line":4,"column":0},"end":{"line":44,"column":2}},"3":{"start":{"line":5,"column":2},"end":{"line":43,"column":3}},"4":{"start":{"line":6,"column":17},"end":{"line":6,"column":45}},"5":{"start":{"line":7,"column":18},"end":{"line":7,"column":44}},"6":{"start":{"line":8,"column":4},"end":{"line":12,"column":9}},"7":{"start":{"line":9,"column":6},"end":{"line":12,"column":9}},"8":{"start":{"line":14,"column":20},"end":{"line":14,"column":61}},"9":{"start":{"line":17,"column":4},"end":{"line":20,"column":5}},"10":{"start":{"line":18,"column":6},"end":{"line":18,"column":25}},"11":{"start":{"line":19,"column":6},"end":{"line":19,"column":20}},"12":{"start":{"line":23,"column":17},"end":{"line":23,"column":49}},"13":{"start":{"line":24,"column":4},"end":{"line":29,"column":5}},"14":{"start":{"line":25,"column":6},"end":{"line":28,"column":9}},"15":{"start":{"line":31,"column":4},"end":{"line":37,"column":5}},"16":{"start":{"line":32,"column":6},"end":{"line":36,"column":9}},"17":{"start":{"line":39,"column":4},"end":{"line":39,"column":23}},"18":{"start":{"line":40,"column":4},"end":{"line":40,"column":11}},"19":{"start":{"line":42,"column":4},"end":{"line":42,"column":30}}},"fnMap":{"0":{"name":"(anonymous_0)","decl":{"start":{"line":4,"column":26},"end":{"line":4,"column":27}},"loc":{"start":{"line":4,"column":52},"end":{"line":44,"column":1}},"line":4}},"branchMap":{"0":{"loc":{"start":{"line":7,"column":18},"end":{"line":7,"column":44}},"type":"binary-expr","locations":[{"start":{"line":7,"column":18},"end":{"line":7,"column":22}},{"start":{"line":7,"column":26},"end":{"line":7,"column":44}}],"line":7},"1":{"loc":{"start":{"line":8,"column":4},"end":{"line":12,"column":9}},"type":"if","locations":[{"start":{"line":8,"column":4},"end":{"line":12,"column":9}},{"start":{},"end":{}}],"line":8},"2":{"loc":{"start":{"line":17,"column":4},"end":{"line":20,"column":5}},"type":"if","locations":[{"start":{"line":17,"column":4},"end":{"line":20,"column":5}},{"start":{},"end":{}}],"line":17},"3":{"loc":{"start":{"line":24,"column":4},"end":{"line":29,"column":5}},"type":"if","locations":[{"start":{"line":24,"column":4},"end":{"line":29,"column":5}},{"start":{},"end":{}}],"line":24},"4":{"loc":{"start":{"line":31,"column":4},"end":{"line":37,"column":5}},"type":"if","locations":[{"start":{"line":31,"column":4},"end":{"line":37,"column":5}},{"start":{},"end":{}}],"line":31}},"s":{"0":3,"1":3,"2":3,"3":0,"4":0,"5":0,"6":0,"7":0,"8":0,"9":0,"10":0,"11":0,"12":0,"13":0,"14":0,"15":0,"16":0,"17":0,"18":0,"19":0},"f":{"0":0},"b":{"0":[0,0],"1":[0,0],"2":[0,0],"3":[0,0],"4":[0,0]},"_coverageSchema":"1a1c01bbd47fc00a2c39e90264f33305004495a9","hash":"2c2ee974fccc1a7f4ee0d296ba7f10bcc74e1f56"}
,"/home/fattahali37/Documents/Portfolio projects/Connectify2/backend/models/AuthTokens.js": {"path":"/home/fattahali37/Documents/Portfolio projects/Connectify2/backend/models/AuthTokens.js","statementMap":{"0":{"start":{"line":1,"column":17},"end":{"line":1,"column":36}},"1":{"start":{"line":3,"column":20},"end":{"line":11,"column":1}},"2":{"start":{"line":13,"column":0},"end":{"line":13,"column":55}}},"fnMap":{},"branchMap":{},"s":{"0":1,"1":1,"2":1},"f":{},"b":{},"_coverageSchema":"1a1c01bbd47fc00a2c39e90264f33305004495a9","hash":"a8e54a4101971dcff902696f20b4df05fd327bdd"}
,"/home/fattahali37/Documents/Portfolio projects/Connectify2/backend/models/DeletedUser.js": {"path":"/home/fattahali37/Documents/Portfolio projects/Connectify2/backend/models/DeletedUser.js","statementMap":{"0":{"start":{"line":1,"column":17},"end":{"line":1,"column":36}},"1":{"start":{"line":3,"column":26},"end":{"line":18,"column":2}},"2":{"start":{"line":20,"column":0},"end":{"line":20,"column":70}}},"fnMap":{},"branchMap":{},"s":{"0":1,"1":1,"2":1},"f":{},"b":{},"_coverageSchema":"1a1c01bbd47fc00a2c39e90264f33305004495a9","hash":"ce9946945787bf520a481c5c2d2dba0b757d82ed"}
,"/home/fattahali37/Documents/Portfolio projects/Connectify2/backend/models/ResetTokens.js": {"path":"/home/fattahali37/Documents/Portfolio projects/Connectify2/backend/models/ResetTokens.js","statementMap":{"0":{"start":{"line":1,"column":17},"end":{"line":1,"column":36}},"1":{"start":{"line":3,"column":28},"end":{"line":12,"column":24}},"2":{"start":{"line":14,"column":0},"end":{"line":14,"column":61}}},"fnMap":{},"branchMap":{},"s":{"0":1,"1":1,"2":1},"f":{},"b":{},"_coverageSchema":"1a1c01bbd47fc00a2c39e90264f33305004495a9","hash":"f67eb024ddabfc6ac7701de30c4e84f24749ff9c"}
,"/home/fattahali37/Documents/Portfolio projects/Connectify2/backend/models/Story.js": {"path":"/home/fattahali37/Documents/Portfolio projects/Connectify2/backend/models/Story.js","statementMap":{"0":{"start":{"line":1,"column":17},"end":{"line":1,"column":36}},"1":{"start":{"line":3,"column":20},"end":{"line":25,"column":1}},"2":{"start":{"line":27,"column":0},"end":{"line":27,"column":58}}},"fnMap":{},"branchMap":{},"s":{"0":1,"1":1,"2":1},"f":{},"b":{},"_coverageSchema":"1a1c01bbd47fc00a2c39e90264f33305004495a9","hash":"6dd18f3c5406ef3b09509ee6583b8920a9e41461"}
,"/home/fattahali37/Documents/Portfolio projects/Connectify2/backend/models/User.js": {"path":"/home/fattahali37/Documents/Portfolio projects/Connectify2/backend/models/User.js","statementMap":{"0":{"start":{"line":1,"column":17},"end":{"line":1,"column":36}},"1":{"start":{"line":3,"column":19},"end":{"line":125,"column":2}},"2":{"start":{"line":127,"column":0},"end":{"line":127,"column":56}}},"fnMap":{},"branchMap":{},"s":{"0":3,"1":3,"2":3},"f":{},"b":{},"_coverageSchema":"1a1c01bbd47fc00a2c39e90264f33305004495a9","hash":"8e5b41cb2411eb103e0ba4804b8a5edb9ff7f9f5"}
,"/home/fattahali37/Documents/Portfolio projects/Connectify2/backend/routes/auth.js": {"path":"/home/fattahali37/Documents/Portfolio projects/Connectify2/backend/routes/auth.js","statementMap":{"0":{"start":{"line":1,"column":15},"end":{"line":1,"column":42}},"1":{"start":{"line":7,"column":4},"end":{"line":7,"column":34}},"2":{"start":{"line":8,"column":22},"end":{"line":8,"column":52}},"3":{"start":{"line":9,"column":28},"end":{"line":9,"column":58}},"4":{"start":{"line":11,"column":0},"end":{"line":11,"column":45}},"5":{"start":{"line":13,"column":0},"end":{"line":13,"column":39}},"6":{"start":{"line":15,"column":0},"end":{"line":15,"column":41}},"7":{"start":{"line":17,"column":0},"end":{"line":17,"column":54}},"8":{"start":{"line":19,"column":0},"end":{"line":19,"column":47}},"9":{"start":{"line":21,"column":0},"end":{"line":21,"column":24}}},"fnMap":{},"branchMap":{},"s":{"0":1,"1":1,"2":1,"3":1,"4":1,"5":1,"6":1,"7":1,"8":1,"9":1},"f":{},"b":{},"_coverageSchema":"1a1c01bbd47fc00a2c39e90264f33305004495a9","hash":"efd1edeba142506ed5bfc3d8ee2c2326c21fc7fe"}
,"/home/fattahali37/Documents/Portfolio projects/Connectify2/backend/routes/story.js": {"path":"/home/fattahali37/Documents/Portfolio projects/Connectify2/backend/routes/story.js","statementMap":{"0":{"start":{"line":1,"column":15},"end":{"line":1,"column":42}},"1":{"start":{"line":2,"column":62},"end":{"line":2,"column":93}},"2":{"start":{"line":3,"column":28},"end":{"line":3,"column":58}},"3":{"start":{"line":5,"column":0},"end":{"line":5,"column":49}},"4":{"start":{"line":6,"column":0},"end":{"line":6,"column":53}},"5":{"start":{"line":7,"column":0},"end":{"line":7,"column":51}},"6":{"start":{"line":8,"column":0},"end":{"line":8,"column":55}},"7":{"start":{"line":9,"column":0},"end":{"line":9,"column":58}},"8":{"start":{"line":11,"column":0},"end":{"line":11,"column":23}}},"fnMap":{},"branchMap":{},"s":{"0":1,"1":1,"2":1,"3":1,"4":1,"5":1,"6":1,"7":1,"8":1},"f":{},"b":{},"_coverageSchema":"1a1c01bbd47fc00a2c39e90264f33305004495a9","hash":"b76bd0262118708d835029f7b0d776ade2911b49"}
,"/home/fattahali37/Documents/Portfolio projects/Connectify2/backend/routes/user.js": {"path":"/home/fattahali37/Documents/Portfolio projects/Connectify2/backend/routes/user.js","statementMap":{"0":{"start":{"line":1,"column":218},"end":{"line":1,"column":248}},"1":{"start":{"line":2,"column":28},"end":{"line":2,"column":58}},"2":{"start":{"line":4,"column":15},"end":{"line":4,"column":42}},"3":{"start":{"line":6,"column":0},"end":{"line":6,"column":50}},"4":{"start":{"line":8,"column":0},"end":{"line":8,"column":59}},"5":{"start":{"line":10,"column":0},"end":{"line":10,"column":62}},"6":{"start":{"line":12,"column":0},"end":{"line":12,"column":68}},"7":{"start":{"line":14,"column":0},"end":{"line":14,"column":42}},"8":{"start":{"line":16,"column":0},"end":{"line":16,"column":52}},"9":{"start":{"line":18,"column":0},"end":{"line":18,"column":39}},"10":{"start":{"line":20,"column":0},"end":{"line":20,"column":55}},"11":{"start":{"line":22,"column":0},"end":{"line":22,"column":41}},"12":{"start":{"line":24,"column":0},"end":{"line":24,"column":72}},"13":{"start":{"line":26,"column":0},"end":{"line":26,"column":71}},"14":{"start":{"line":28,"column":0},"end":{"line":28,"column":69}},"15":{"start":{"line":30,"column":0},"end":{"line":30,"column":58}},"16":{"start":{"line":32,"column":0},"end":{"line":32,"column":69}},"17":{"start":{"line":34,"column":0},"end":{"line":34,"column":76}},"18":{"start":{"line":39,"column":0},"end":{"line":39,"column":23}}},"fnMap":{},"branchMap":{},"s":{"0":1,"1":1,"2":1,"3":1,"4":1,"5":1,"6":1,"7":1,"8":1,"9":1,"10":1,"11":1,"12":1,"13":1,"14":1,"15":1,"16":1,"17":1,"18":1},"f":{},"b":{},"_coverageSchema":"1a1c01bbd47fc00a2c39e90264f33305004495a9","hash":"7710aac44dd1ca3835c4fb6d320435d034164aae"}
,"/home/fattahali37/Documents/Portfolio projects/Connectify2/backend/utils/mail.js": {"path":"/home/fattahali37/Documents/Portfolio projects/Connectify2/backend/utils/mail.js","statementMap":{"0":{"start":{"line":1,"column":19},"end":{"line":1,"column":40}},"1":{"start":{"line":4,"column":24},"end":{"line":11,"column":6}},"2":{"start":{"line":13,"column":4},"end":{"line":19,"column":7}},"3":{"start":{"line":21,"column":0},"end":{"line":21,"column":29}}},"fnMap":{"0":{"name":"SendMail","decl":{"start":{"line":3,"column":15},"end":{"line":3,"column":23}},"loc":{"start":{"line":3,"column":37},"end":{"line":20,"column":1}},"line":3}},"branchMap":{},"s":{"0":1,"1":0,"2":0,"3":1},"f":{"0":0},"b":{},"_coverageSchema":"1a1c01bbd47fc00a2c39e90264f33305004495a9","hash":"12968d96c239ed0c38c64768dad3bf6186e22a7b"}
}
