TN:
SF:controllers/auth.js
FN:10,(anonymous_0)
FN:63,(anonymous_1)
FN:131,(anonymous_2)
FN:160,(anonymous_3)
FN:172,(anonymous_4)
FN:215,getUserFromCode
FN:238,userDetails
FN:248,(anonymous_7)
FN:249,(anonymous_8)
FNF:9
FNH:4
FNDA:2,(anonymous_0)
FNDA:5,(anonymous_1)
FNDA:3,(anonymous_2)
FNDA:1,(anonymous_3)
FNDA:0,(anonymous_4)
FNDA:0,getUserFromCode
FNDA:0,userDetails
FNDA:0,(anonymous_7)
FNDA:0,(anonymous_8)
DA:1,1
DA:2,1
DA:3,1
DA:4,1
DA:5,1
DA:6,1
DA:7,1
DA:8,1
DA:10,1
DA:11,2
DA:13,2
DA:16,2
DA:17,1
DA:23,1
DA:26,1
DA:27,0
DA:32,1
DA:36,1
DA:37,1
DA:38,1
DA:41,1
DA:45,1
DA:48,1
DA:49,1
DA:56,0
DA:63,1
DA:64,5
DA:66,5
DA:69,1
DA:75,1
DA:83,4
DA:86,4
DA:87,1
DA:91,3
DA:92,3
DA:93,1
DA:98,2
DA:99,1
DA:105,1
DA:108,1
DA:112,1
DA:115,1
DA:116,1
DA:117,1
DA:124,0
DA:131,1
DA:132,3
DA:133,3
DA:134,3
DA:135,1
DA:139,2
DA:140,2
DA:141,1
DA:145,1
DA:146,1
DA:149,1
DA:153,0
DA:160,1
DA:161,1
DA:162,1
DA:163,1
DA:165,0
DA:172,1
DA:173,0
DA:174,0
DA:175,0
DA:176,0
DA:177,0
DA:178,0
DA:184,0
DA:186,0
DA:193,0
DA:197,0
DA:200,0
DA:201,0
DA:206,0
DA:210,0
DA:211,0
DA:216,0
DA:217,0
DA:225,0
DA:226,0
DA:231,0
DA:233,0
DA:239,0
DA:248,0
DA:250,0
DA:251,0
LF:88
LH:58
BRDA:16,0,0,1
BRDA:16,0,1,1
BRDA:26,1,0,0
BRDA:26,1,1,1
BRDA:66,2,0,1
BRDA:66,2,1,4
BRDA:66,3,0,5
BRDA:66,3,1,1
BRDA:86,4,0,1
BRDA:86,4,1,3
BRDA:92,5,0,1
BRDA:92,5,1,2
BRDA:98,6,0,1
BRDA:98,6,1,1
BRDA:134,7,0,1
BRDA:134,7,1,2
BRDA:140,8,0,1
BRDA:140,8,1,1
BRDA:177,9,0,0
BRDA:177,9,1,0
BRF:20
BRH:17
end_of_record
TN:
SF:controllers/story.js
FN:5,(anonymous_0)
FN:26,(anonymous_1)
FN:43,(anonymous_2)
FN:61,(anonymous_3)
FN:71,(anonymous_4)
FN:85,(anonymous_5)
FN:107,(anonymous_6)
FNF:7
FNH:7
FNDA:2,(anonymous_0)
FNDA:2,(anonymous_1)
FNDA:1,(anonymous_2)
FNDA:1,(anonymous_3)
FNDA:1,(anonymous_4)
FNDA:4,(anonymous_5)
FNDA:2,(anonymous_6)
DA:1,1
DA:2,1
DA:3,1
DA:5,1
DA:6,2
DA:7,2
DA:8,0
DA:9,0
DA:11,2
DA:17,2
DA:19,0
DA:26,1
DA:27,2
DA:28,2
DA:34,2
DA:36,0
DA:43,1
DA:44,1
DA:45,1
DA:51,1
DA:52,1
DA:54,0
DA:61,1
DA:62,1
DA:63,1
DA:64,1
DA:65,0
DA:66,1
DA:67,0
DA:68,1
DA:72,1
DA:78,0
DA:85,1
DA:86,4
DA:88,4
DA:89,1
DA:95,3
DA:97,3
DA:98,1
DA:104,2
DA:106,2
DA:108,2
DA:114,2
DA:118,2
DA:120,0
DA:121,0
LF:46
LH:36
BRDA:7,0,0,0
BRDA:7,0,1,2
BRDA:64,1,0,0
BRDA:64,1,1,1
BRDA:66,2,0,0
BRDA:66,2,1,1
BRDA:88,3,0,1
BRDA:88,3,1,3
BRDA:88,4,0,4
BRDA:88,4,1,3
BRDA:97,5,0,1
BRDA:97,5,1,2
BRDA:114,6,0,2
BRDA:114,6,1,0
BRF:14
BRH:10
end_of_record
TN:
SF:controllers/user.js
FN:8,(anonymous_0)
FN:27,(anonymous_1)
FN:47,(anonymous_2)
FN:84,(anonymous_3)
FN:90,(anonymous_4)
FN:93,(anonymous_5)
FN:105,(anonymous_6)
FN:111,(anonymous_7)
FN:114,(anonymous_8)
FN:126,(anonymous_9)
FN:143,(anonymous_10)
FN:159,(anonymous_11)
FN:178,(anonymous_12)
FN:185,(anonymous_13)
FN:196,(anonymous_14)
FN:215,(anonymous_15)
FN:239,(anonymous_16)
FN:253,(anonymous_17)
FN:280,(anonymous_18)
FN:299,(anonymous_19)
FN:304,(anonymous_20)
FN:306,(anonymous_21)
FNF:22
FNH:14
FNDA:2,(anonymous_0)
FNDA:1,(anonymous_1)
FNDA:2,(anonymous_2)
FNDA:1,(anonymous_3)
FNDA:2,(anonymous_4)
FNDA:1,(anonymous_5)
FNDA:1,(anonymous_6)
FNDA:2,(anonymous_7)
FNDA:1,(anonymous_8)
FNDA:0,(anonymous_9)
FNDA:1,(anonymous_10)
FNDA:0,(anonymous_11)
FNDA:2,(anonymous_12)
FNDA:4,(anonymous_13)
FNDA:2,(anonymous_14)
FNDA:0,(anonymous_15)
FNDA:1,(anonymous_16)
FNDA:0,(anonymous_17)
FNDA:0,(anonymous_18)
FNDA:0,(anonymous_19)
FNDA:0,(anonymous_20)
FNDA:0,(anonymous_21)
DA:1,1
DA:2,1
DA:3,1
DA:4,1
DA:5,1
DA:8,1
DA:9,2
DA:10,2
DA:11,2
DA:12,2
DA:13,1
DA:18,1
DA:20,0
DA:27,1
DA:28,1
DA:29,1
DA:30,1
DA:31,1
DA:32,0
DA:37,1
DA:39,0
DA:47,1
DA:48,2
DA:49,2
DA:50,2
DA:51,2
DA:52,2
DA:53,1
DA:54,1
DA:56,1
DA:57,1
DA:58,1
DA:71,2
DA:76,0
DA:84,1
DA:85,1
DA:86,1
DA:87,1
DA:88,1
DA:89,1
DA:91,2
DA:94,1
DA:97,0
DA:105,1
DA:106,1
DA:107,1
DA:108,1
DA:109,1
DA:110,1
DA:112,2
DA:115,1
DA:118,0
DA:126,1
DA:127,0
DA:128,0
DA:129,0
DA:133,0
DA:135,0
DA:143,1
DA:144,1
DA:145,1
DA:146,1
DA:147,1
DA:148,1
DA:150,0
DA:151,0
DA:159,1
DA:160,0
DA:161,0
DA:162,0
DA:163,0
DA:170,0
DA:178,1
DA:179,2
DA:180,2
DA:181,2
DA:182,2
DA:185,4
DA:187,0
DA:196,1
DA:197,2
DA:198,2
DA:205,2
DA:207,0
DA:215,1
DA:216,0
DA:217,0
DA:218,0
DA:219,0
DA:222,0
DA:225,0
DA:226,0
DA:231,0
DA:239,1
DA:240,1
DA:241,1
DA:242,1
DA:244,0
DA:253,1
DA:254,0
DA:255,0
DA:258,0
DA:259,0
DA:260,0
DA:261,0
DA:262,0
DA:264,0
DA:267,0
DA:269,0
DA:270,0
DA:272,0
DA:280,1
DA:281,0
DA:282,0
DA:283,0
DA:284,0
DA:285,0
DA:286,0
DA:287,0
DA:288,0
DA:289,0
DA:291,0
DA:299,1
DA:300,0
DA:301,0
DA:302,0
DA:303,0
DA:304,0
DA:305,0
DA:307,0
DA:310,0
LF:131
LH:72
BRDA:12,0,0,1
BRDA:12,0,1,1
BRDA:31,1,0,0
BRDA:31,1,1,1
BRDA:52,2,0,1
BRDA:52,2,1,1
BRDA:204,3,0,2
BRDA:204,3,1,1
BRDA:219,4,0,0
BRDA:219,4,1,0
BRDA:222,5,0,0
BRDA:222,5,1,0
BRDA:258,6,0,0
BRDA:258,6,1,0
BRDA:261,7,0,0
BRDA:261,7,1,0
BRDA:283,8,0,0
BRDA:283,8,1,0
BRDA:288,9,0,0
BRDA:288,9,1,0
BRDA:303,10,0,0
BRDA:303,10,1,0
BRF:22
BRH:7
end_of_record
TN:
SF:middlewares/auth.js
FN:4,(anonymous_0)
FNF:1
FNH:0
FNDA:0,(anonymous_0)
DA:1,3
DA:2,3
DA:4,3
DA:5,0
DA:6,0
DA:7,0
DA:8,0
DA:9,0
DA:14,0
DA:17,0
DA:18,0
DA:19,0
DA:23,0
DA:24,0
DA:25,0
DA:31,0
DA:32,0
DA:39,0
DA:40,0
DA:42,0
LF:20
LH:3
BRDA:7,0,0,0
BRDA:7,0,1,0
BRDA:8,1,0,0
BRDA:8,1,1,0
BRDA:17,2,0,0
BRDA:17,2,1,0
BRDA:24,3,0,0
BRDA:24,3,1,0
BRDA:31,4,0,0
BRDA:31,4,1,0
BRF:10
BRH:0
end_of_record
TN:
SF:models/AuthTokens.js
FNF:0
FNH:0
DA:1,1
DA:3,1
DA:13,1
LF:3
LH:3
BRF:0
BRH:0
end_of_record
TN:
SF:models/DeletedUser.js
FNF:0
FNH:0
DA:1,1
DA:3,1
DA:20,1
LF:3
LH:3
BRF:0
BRH:0
end_of_record
TN:
SF:models/ResetTokens.js
FNF:0
FNH:0
DA:1,1
DA:3,1
DA:14,1
LF:3
LH:3
BRF:0
BRH:0
end_of_record
TN:
SF:models/Story.js
FNF:0
FNH:0
DA:1,1
DA:3,1
DA:27,1
LF:3
LH:3
BRF:0
BRH:0
end_of_record
TN:
SF:models/User.js
FNF:0
FNH:0
DA:1,3
DA:3,3
DA:127,3
LF:3
LH:3
BRF:0
BRH:0
end_of_record
TN:
SF:routes/auth.js
FNF:0
FNH:0
DA:1,1
DA:7,1
DA:8,1
DA:9,1
DA:11,1
DA:13,1
DA:15,1
DA:17,1
DA:19,1
DA:21,1
LF:10
LH:10
BRF:0
BRH:0
end_of_record
TN:
SF:routes/story.js
FNF:0
FNH:0
DA:1,1
DA:2,1
DA:3,1
DA:5,1
DA:6,1
DA:7,1
DA:8,1
DA:9,1
DA:11,1
LF:9
LH:9
BRF:0
BRH:0
end_of_record
TN:
SF:routes/user.js
FNF:0
FNH:0
DA:1,1
DA:2,1
DA:4,1
DA:6,1
DA:8,1
DA:10,1
DA:12,1
DA:14,1
DA:16,1
DA:18,1
DA:20,1
DA:22,1
DA:24,1
DA:26,1
DA:28,1
DA:30,1
DA:32,1
DA:34,1
DA:39,1
LF:19
LH:19
BRF:0
BRH:0
end_of_record
TN:
SF:utils/mail.js
FN:3,SendMail
FNF:1
FNH:0
FNDA:0,SendMail
DA:1,1
DA:4,0
DA:13,0
DA:21,1
LF:4
LH:2
BRF:0
BRH:0
end_of_record
